2025-05-15 11:40:46,380 - Project name: PhD
2025-05-15 11:40:46,381 - Script authors: ['ftt01 (dallatorre.daniele@gmail.com)']
2025-05-15 11:40:46,381 - Provider name: meteoaltoadige
2025-05-15 11:40:46,381 - Output path: ./output/
2025-05-15 11:40:46,381 - Log filename path: ./output/logs/
2025-05-15 11:40:47,017 - Station code: 89940PG
2025-05-15 11:40:47,102 - Sensor code: Q
2025-05-15 11:40:47,240 - Sensor code: W
2025-05-15 11:40:47,375 - Sensor code: WT
2025-05-15 11:40:47,376 - Sensor code: SSTF
2025-05-15 11:40:47,523 - Station code: 08155PG
2025-05-15 11:40:47,545 - Sensor code: Q
2025-05-15 11:40:47,648 - Sensor code: W
2025-05-15 11:40:47,773 - Sensor code: WT
2025-05-15 11:40:47,773 - Station code: 45200SF
2025-05-15 11:40:47,791 - Sensor code: LT
2025-05-15 11:40:47,907 - Sensor code: WR
2025-05-15 11:40:47,907 - Sensor code: WG
2025-05-15 11:40:48,048 - Sensor code: WG.BOE
2025-05-15 11:40:48,201 - Sensor code: LF
2025-05-15 11:40:48,316 - Sensor code: HS
2025-05-15 11:40:48,422 - Station code: 82500WS
2025-05-15 11:40:48,439 - Sensor code: LT
2025-05-15 11:40:48,540 - Sensor code: WR
2025-05-15 11:40:48,540 - Sensor code: WG
2025-05-15 11:40:48,673 - Sensor code: WG.BOE
2025-05-15 11:40:48,782 - Sensor code: LF
2025-05-15 11:40:48,890 - Station code: 45100WS
2025-05-15 11:40:48,908 - Sensor code: LT
2025-05-15 11:40:49,032 - Sensor code: WR
2025-05-15 11:40:49,032 - Sensor code: WG
2025-05-15 11:40:49,148 - Sensor code: WG.BOE
2025-05-15 11:40:49,309 - Sensor code: LF
2025-05-15 11:40:49,414 - Station code: 00700WS
2025-05-15 11:40:49,436 - Sensor code: LT
2025-05-15 11:40:49,539 - Sensor code: WR
2025-05-15 11:40:49,540 - Sensor code: WG
2025-05-15 11:40:49,657 - Sensor code: WG.BOE
2025-05-15 11:40:49,773 - Sensor code: LF
2025-05-15 11:40:49,890 - Station code: 00390SF
2025-05-15 11:40:49,906 - Sensor code: LT
2025-05-15 11:40:50,031 - Sensor code: WR
2025-05-15 11:40:50,031 - Sensor code: WG
2025-05-15 11:40:50,173 - Sensor code: WG.BOE
2025-05-15 11:40:50,281 - Sensor code: LF
2025-05-15 11:40:50,390 - Sensor code: HS
2025-05-15 11:40:50,489 - Station code: 06040WS
2025-05-15 11:40:50,506 - Sensor code: LT
2025-05-15 11:40:50,656 - Sensor code: WR
2025-05-15 11:40:50,656 - Sensor code: WG
2025-05-15 11:40:50,781 - Sensor code: WG.BOE
2025-05-15 11:40:50,889 - Sensor code: LF
2025-05-15 11:40:50,982 - Station code: 06090SF
2025-05-15 11:40:51,000 - Sensor code: LT
2025-05-15 11:40:51,123 - Sensor code: WR
2025-05-15 11:40:51,123 - Sensor code: WG
2025-05-15 11:40:51,256 - Sensor code: WG.BOE
2025-05-15 11:40:51,380 - Sensor code: LF
2025-05-15 11:40:51,498 - Sensor code: HS
2025-05-15 11:40:51,615 - Station code: 35100WS
2025-05-15 11:40:51,632 - Sensor code: LT
2025-05-15 11:40:51,740 - Sensor code: WR
2025-05-15 11:40:51,740 - Sensor code: WG
2025-05-15 11:40:51,856 - Sensor code: WG.BOE
2025-05-15 11:40:51,999 - Sensor code: LF
2025-05-15 11:40:52,114 - Station code: 50400WS
2025-05-15 11:40:52,129 - Sensor code: LT
2025-05-15 11:40:52,222 - Sensor code: WR
2025-05-15 11:40:52,222 - Sensor code: WG
2025-05-15 11:40:52,331 - Sensor code: WG.BOE
2025-05-15 11:40:52,448 - Sensor code: LF
2025-05-15 11:40:52,564 - Station code: 50360SF
2025-05-15 11:40:52,582 - Sensor code: LT
2025-05-15 11:40:52,697 - Sensor code: WR
2025-05-15 11:40:52,698 - Sensor code: WG
2025-05-15 11:40:52,831 - Sensor code: WG.BOE
2025-05-15 11:40:52,947 - Sensor code: LF
2025-05-15 11:40:53,039 - Sensor code: HS
2025-05-15 11:40:53,148 - Station code: 61690SF
2025-05-15 11:40:53,171 - Sensor code: LT
2025-05-15 11:40:53,288 - Sensor code: WR
2025-05-15 11:40:53,288 - Sensor code: WG
2025-05-15 11:40:53,539 - Sensor code: WG.BOE
2025-05-15 11:40:53,656 - Sensor code: LF
2025-05-15 11:40:53,798 - Sensor code: HS
2025-05-15 11:40:53,905 - Station code: 61720WS
2025-05-15 11:40:53,923 - Sensor code: LT
2025-05-15 11:40:54,039 - Sensor code: WR
2025-05-15 11:40:54,039 - Sensor code: WG
2025-05-15 11:40:54,155 - Sensor code: WG.BOE
2025-05-15 11:40:54,255 - Sensor code: LF
2025-05-15 11:40:54,380 - Station code: 19850PG
2025-05-15 11:40:54,397 - Sensor code: Q
2025-05-15 11:40:55,281 - Sensor code: W
2025-05-15 11:40:55,397 - Sensor code: WT
2025-05-15 11:40:55,397 - Station code: 29850PG
2025-05-15 11:40:55,410 - Sensor code: Q
2025-05-15 11:40:55,514 - Sensor code: W
2025-05-15 11:40:55,630 - Sensor code: WT
2025-05-15 11:40:55,630 - Sensor code: SSTF
2025-05-15 11:40:55,730 - Station code: 59450PG
2025-05-15 11:40:55,746 - Sensor code: Q
2025-05-15 11:40:55,864 - Sensor code: W
2025-05-15 11:40:55,980 - Sensor code: WT
2025-05-15 11:40:55,980 - Sensor code: SSTF
2025-05-15 11:40:56,165 - Station code: 64550PG
2025-05-15 11:40:56,182 - Sensor code: Q
2025-05-15 11:40:56,297 - Sensor code: W
2025-05-15 11:40:56,431 - Sensor code: WT
2025-05-15 11:40:56,431 - Sensor code: SSTF
2025-05-15 11:40:56,555 - Station code: 67350PG
2025-05-15 11:40:56,569 - Sensor code: Q
2025-05-15 11:40:56,689 - Sensor code: W
2025-05-15 11:40:56,814 - Sensor code: WT
2025-05-15 11:40:56,814 - Sensor code: SSTF
2025-05-15 11:40:56,931 - Station code: 69790PG
2025-05-15 11:40:56,947 - Sensor code: Q
2025-05-15 11:40:57,063 - Sensor code: W
2025-05-15 11:40:57,172 - Sensor code: WT
2025-05-15 11:40:57,172 - Station code: 85550PG
2025-05-15 11:40:57,186 - Sensor code: Q
2025-05-15 11:40:57,297 - Sensor code: W
2025-05-15 11:40:57,493 - Sensor code: WT
2025-05-15 11:40:57,493 - Station code: 20720WS
2025-05-15 11:40:57,509 - Sensor code: LT
2025-05-15 11:40:57,621 - Sensor code: WR
2025-05-15 11:40:57,621 - Sensor code: WG
2025-05-15 11:40:57,739 - Sensor code: WG.BOE
2025-05-15 11:40:57,847 - Sensor code: LF
2025-05-15 11:40:57,955 - Station code: 20690SF
2025-05-15 11:40:57,969 - Sensor code: LT
2025-05-15 11:40:58,088 - Sensor code: WR
2025-05-15 11:40:58,088 - Sensor code: WG
2025-05-15 11:40:58,197 - Sensor code: WG.BOE
2025-05-15 11:40:58,305 - Sensor code: LF
2025-05-15 11:40:58,414 - Sensor code: HS
2025-05-15 11:40:58,521 - Station code: 05950PG
2025-05-15 11:40:58,539 - Sensor code: Q
2025-05-15 11:40:58,663 - Sensor code: W
2025-05-15 11:40:58,859 - Sensor code: WT
2025-05-15 11:40:58,860 - Station code: 91210WS
2025-05-15 11:40:58,885 - Sensor code: LT
2025-05-15 11:40:59,038 - Sensor code: WR
2025-05-15 11:40:59,039 - Sensor code: WG
2025-05-15 11:40:59,197 - Sensor code: WG.BOE
2025-05-15 11:40:59,304 - Sensor code: LF
2025-05-15 11:40:59,405 - Station code: 91180SF
2025-05-15 11:40:59,421 - Sensor code: LT
2025-05-15 11:40:59,469 - Sensor code: WR
2025-05-15 11:40:59,469 - Sensor code: WG
2025-05-15 11:40:59,517 - Sensor code: WG.BOE
2025-05-15 11:40:59,559 - Sensor code: LF
2025-05-15 11:41:00,618 - Sensor code: HS
2025-05-15 11:41:00,702 - Station code: 24300SF
2025-05-15 11:41:00,723 - Sensor code: LT
2025-05-15 11:41:00,871 - Sensor code: WR
2025-05-15 11:41:00,871 - Sensor code: WG
2025-05-15 11:41:00,988 - Sensor code: WG.BOE
2025-05-15 11:41:01,104 - Sensor code: LF
2025-05-15 11:41:01,213 - Sensor code: HS
2025-05-15 11:41:01,338 - Station code: 78480SF
2025-05-15 11:41:01,359 - Sensor code: LT
2025-05-15 11:41:01,471 - Sensor code: WR
2025-05-15 11:41:01,472 - Sensor code: WG
2025-05-15 11:41:01,654 - Sensor code: WG.BOE
2025-05-15 11:41:01,771 - Sensor code: LF
2025-05-15 11:41:01,888 - Sensor code: HS
2025-05-15 11:41:02,004 - Station code: 15000SF
2025-05-15 11:41:02,025 - Sensor code: LT
2025-05-15 11:41:02,137 - Sensor code: LF
2025-05-15 11:41:02,254 - Sensor code: HS
2025-05-15 11:41:02,362 - Station code: 34200WS
2025-05-15 11:41:02,379 - Sensor code: LT
2025-05-15 11:41:02,505 - Sensor code: WR
2025-05-15 11:41:02,505 - Sensor code: WG
2025-05-15 11:41:02,638 - Sensor code: WG.BOE
2025-05-15 11:41:02,762 - Sensor code: LF
2025-05-15 11:41:02,947 - Station code: 31810SF
2025-05-15 11:41:02,962 - Sensor code: LT
2025-05-15 11:41:03,071 - Sensor code: WR
2025-05-15 11:41:03,071 - Sensor code: WG
2025-05-15 11:41:03,204 - Sensor code: WG.BOE
2025-05-15 11:41:03,312 - Sensor code: LF
2025-05-15 11:41:03,422 - Sensor code: HS
2025-05-15 11:41:03,529 - Station code: 66000WS
2025-05-15 11:41:03,547 - Sensor code: LT
2025-05-15 11:41:03,662 - Sensor code: WR
2025-05-15 11:41:03,663 - Sensor code: WG
2025-05-15 11:41:03,787 - Sensor code: WG.BOE
2025-05-15 11:41:03,887 - Sensor code: LF
2025-05-15 11:41:03,996 - Station code: 66100SF
2025-05-15 11:41:04,016 - Sensor code: LT
2025-05-15 11:41:04,120 - Sensor code: WR
2025-05-15 11:41:04,120 - Sensor code: WG
2025-05-15 11:41:04,290 - Sensor code: WG.BOE
2025-05-15 11:41:04,421 - Sensor code: LF
2025-05-15 11:41:04,529 - Sensor code: HS
2025-05-15 11:41:04,647 - Station code: 37230PG
2025-05-15 11:41:04,665 - Sensor code: Q
2025-05-15 11:41:04,779 - Sensor code: W
2025-05-15 11:41:04,912 - Sensor code: WT
2025-05-15 11:41:04,912 - Sensor code: SSTF
2025-05-15 11:41:05,031 - Station code: 80100SF
2025-05-15 11:41:05,048 - Sensor code: LT
2025-05-15 11:41:05,154 - Sensor code: WR
2025-05-15 11:41:05,155 - Sensor code: WG
2025-05-15 11:41:05,279 - Sensor code: WG.BOE
2025-05-15 11:41:05,395 - Sensor code: LF
2025-05-15 11:41:05,495 - Sensor code: HS
2025-05-15 11:41:05,687 - Station code: 61050PG
2025-05-15 11:41:05,703 - Sensor code: Q
2025-05-15 11:41:05,854 - Sensor code: W
2025-05-15 11:41:06,029 - Sensor code: WT
2025-05-15 11:41:06,029 - Station code: 90005SF
2025-05-15 11:41:06,046 - Sensor code: LT
2025-05-15 11:41:06,180 - Sensor code: WR
2025-05-15 11:41:06,180 - Sensor code: WG
2025-05-15 11:41:06,330 - Sensor code: WG.BOE
2025-05-15 11:41:06,446 - Sensor code: LF
2025-05-15 11:41:06,553 - Sensor code: HS
2025-05-15 11:41:06,670 - Station code: 82910PG
2025-05-15 11:41:06,689 - Sensor code: Q
